[debug] [2026-04-19T10:39:57.644Z] ----------------------------------------------------------------------
[debug] [2026-04-19T10:39:57.646Z] Command:       C:\Program Files\nodejs\node.exe C:\Users\Wisdom Chiru\AppData\Roaming\npm\node_modules\firebase-tools\lib\bin\firebase.js deploy --only hosting
[debug] [2026-04-19T10:39:57.647Z] CLI Version:   15.14.0
[debug] [2026-04-19T10:39:57.647Z] Platform:      win32
[debug] [2026-04-19T10:39:57.647Z] Node Version:  v24.13.1
[debug] [2026-04-19T10:39:57.647Z] Time:          Sun Apr 19 2026 16:09:57 GMT+0530 (India Standard Time)
[debug] [2026-04-19T10:39:57.647Z] ----------------------------------------------------------------------
[debug] 
[debug] [2026-04-19T10:39:58.993Z] > command requires scopes: ["email","openid","https://www.googleapis.com/auth/cloudplatformprojects.readonly","https://www.googleapis.com/auth/firebase","https://www.googleapis.com/auth/cloud-platform"]
[debug] [2026-04-19T10:39:58.993Z] > authorizing via signed-in user (wisdomchiru9@gmail.com)
[debug] [2026-04-19T10:39:58.994Z] [iam] checking project beek-na-lah-59775 for permissions ["firebase.projects.get","firebasehosting.sites.update"]
[debug] [2026-04-19T10:39:58.994Z] Checked if tokens are valid: true, expires at: 1776597391715
[debug] [2026-04-19T10:39:58.995Z] Checked if tokens are valid: true, expires at: 1776597391715
[debug] [2026-04-19T10:39:58.995Z] >>> [apiv2][query] POST https://cloudresourcemanager.googleapis.com/v1/projects/beek-na-lah-59775:testIamPermissions [none]
[debug] [2026-04-19T10:39:58.995Z] >>> [apiv2][(partial)header] POST https://cloudresourcemanager.googleapis.com/v1/projects/beek-na-lah-59775:testIamPermissions  x-goog-user-project=beek-na-lah-59775
[debug] [2026-04-19T10:39:58.995Z] >>> [apiv2][body] POST https://cloudresourcemanager.googleapis.com/v1/projects/beek-na-lah-59775:testIamPermissions {"permissions":["firebase.projects.get","firebasehosting.sites.update"]}
[debug] [2026-04-19T10:40:09.192Z] *** [apiv2] error from fetch(https://cloudresourcemanager.googleapis.com/v1/projects/beek-na-lah-59775:testIamPermissions, {"headers":{},"method":"POST","body":"{\"permissions\":[\"firebase.projects.get\",\"firebasehosting.sites.update\"]}"}): FetchError: request to https://cloudresourcemanager.googleapis.com/v1/projects/beek-na-lah-59775:testIamPermissions failed, reason: 
[debug] [2026-04-19T10:40:09.193Z] [iam] error while checking permissions, command may fail: Failed to make request to https://cloudresourcemanager.googleapis.com/v1/projects/beek-na-lah-59775:testIamPermissions
[debug] [2026-04-19T10:40:09.194Z] Checked if tokens are valid: true, expires at: 1776597391715
[debug] [2026-04-19T10:40:09.194Z] Checked if tokens are valid: true, expires at: 1776597391715
[debug] [2026-04-19T10:40:09.194Z] >>> [apiv2][query] GET https://firebase.googleapis.com/v1beta1/projects/beek-na-lah-59775 [none]
[debug] [2026-04-19T10:40:09.233Z] *** [apiv2] error from fetch(https://firebase.googleapis.com/v1beta1/projects/beek-na-lah-59775, {"headers":{},"method":"GET","signal":{"reason":""}}): FetchError: request to https://firebase.googleapis.com/v1beta1/projects/beek-na-lah-59775 failed, reason: getaddrinfo ENOTFOUND firebase.googleapis.com
[debug] [2026-04-19T10:40:09.234Z] Failed to make request to https://firebase.googleapis.com/v1beta1/projects/beek-na-lah-59775 (original: request to https://firebase.googleapis.com/v1beta1/projects/beek-na-lah-59775 failed, reason: getaddrinfo ENOTFOUND firebase.googleapis.com)
[error] 
[error] Error: Assertion failed: resolving hosting target of a site with no site name or target name. This should have caused an error earlier
